<?xml version="1.0" encoding="UTF-8"?>
<testng-results skipped="1" failed="1" ignored="3" total="10" passed="5">
  <reporter-output>
  </reporter-output>
  <suite name="Groups Suite" duration-ms="63" started-at="2021-06-04T00:04:37 EDT" finished-at="2021-06-04T00:04:37 EDT">
    <groups>
      <group name="regression">
        <method signature="SubBaseTest.jupiterTest(java.lang.String)[pri:5, instance:testNGListeners.SubBaseTest@1786dec2]" name="jupiterTest" class="testNGListeners.SubBaseTest"/>
        <method signature="SubBaseTest.marsTest(java.lang.String)[pri:4, instance:testNGListeners.SubBaseTest@1786dec2]" name="marsTest" class="testNGListeners.SubBaseTest"/>
        <method signature="SubBaseTest.mercuryTest(java.lang.String)[pri:1, instance:testNGListeners.SubBaseTest@1786dec2]" name="mercuryTest" class="testNGListeners.SubBaseTest"/>
        <method signature="SubBaseTest.neptuneTest(java.lang.String)[pri:8, instance:testNGListeners.SubBaseTest@1786dec2]" name="neptuneTest" class="testNGListeners.SubBaseTest"/>
        <method signature="SubBaseTest.saturnTest(java.lang.String)[pri:6, instance:testNGListeners.SubBaseTest@1786dec2]" name="saturnTest" class="testNGListeners.SubBaseTest"/>
        <method signature="SubBaseTest.uranusTest(java.lang.String)[pri:7, instance:testNGListeners.SubBaseTest@1786dec2]" name="uranusTest" class="testNGListeners.SubBaseTest"/>
      </group> <!-- regression -->
      <group name="smoke">
        <method signature="SubBaseTest.jupiterTest(java.lang.String)[pri:5, instance:testNGListeners.SubBaseTest@1786dec2]" name="jupiterTest" class="testNGListeners.SubBaseTest"/>
        <method signature="SubBaseTest.marsTest(java.lang.String)[pri:4, instance:testNGListeners.SubBaseTest@1786dec2]" name="marsTest" class="testNGListeners.SubBaseTest"/>
        <method signature="SubBaseTest.mercuryTest(java.lang.String)[pri:1, instance:testNGListeners.SubBaseTest@1786dec2]" name="mercuryTest" class="testNGListeners.SubBaseTest"/>
        <method signature="SubBaseTest.neptuneTest(java.lang.String)[pri:8, instance:testNGListeners.SubBaseTest@1786dec2]" name="neptuneTest" class="testNGListeners.SubBaseTest"/>
        <method signature="SubBaseTest.saturnTest(java.lang.String)[pri:6, instance:testNGListeners.SubBaseTest@1786dec2]" name="saturnTest" class="testNGListeners.SubBaseTest"/>
        <method signature="SubBaseTest.venusTest(java.lang.String)[pri:2, instance:testNGListeners.SubBaseTest@1786dec2]" name="venusTest" class="testNGListeners.SubBaseTest"/>
        <method signature="SubBaseTest.uranusTest(java.lang.String)[pri:7, instance:testNGListeners.SubBaseTest@1786dec2]" name="uranusTest" class="testNGListeners.SubBaseTest"/>
      </group> <!-- smoke -->
    </groups>
    <test name="Groups Test" duration-ms="63" started-at="2021-06-04T00:04:37 EDT" finished-at="2021-06-04T00:04:37 EDT">
      <class name="testNGListeners.SubBaseTest">
        <test-method status="FAIL" signature="mercuryTest(java.lang.String)[pri:1, instance:testNGListeners.SubBaseTest@1786dec2]" name="mercuryTest" duration-ms="7" started-at="2021-06-04T00:04:37 EDT" finished-at="2021-06-04T00:04:37 EDT">
          <params>
            <param index="0">
              <value>
                <![CDATA[the 1st planet Mercury.]]>
              </value>
            </param>
          </params>
          <exception class="java.lang.AssertionError">
            <message>
              <![CDATA[expected [33] but found [22]]]>
            </message>
            <full-stacktrace>
              <![CDATA[java.lang.AssertionError: expected [33] but found [22]
at org.testng.Assert.fail(Assert.java:99)
at org.testng.Assert.failNotEquals(Assert.java:1037)
at org.testng.Assert.assertEqualsImpl(Assert.java:140)
at org.testng.Assert.assertEquals(Assert.java:122)
at org.testng.Assert.assertEquals(Assert.java:907)
at org.testng.Assert.assertEquals(Assert.java:917)
at testNGListeners.SubBaseTest.mercuryTest(SubBaseTest.java:14)
at sun.reflect.NativeMethodAccessorImpl.invoke0(Native Method)
at sun.reflect.NativeMethodAccessorImpl.invoke(NativeMethodAccessorImpl.java:62)
at sun.reflect.DelegatingMethodAccessorImpl.invoke(DelegatingMethodAccessorImpl.java:43)
at java.lang.reflect.Method.invoke(Method.java:498)
at org.testng.internal.MethodInvocationHelper.invokeMethod(MethodInvocationHelper.java:132)
at org.testng.internal.TestInvoker.invokeMethod(TestInvoker.java:599)
at org.testng.internal.TestInvoker.invokeTestMethod(TestInvoker.java:174)
at org.testng.internal.MethodRunner.runInSequence(MethodRunner.java:46)
at org.testng.internal.TestInvoker$MethodInvocationAgent.invoke(TestInvoker.java:822)
at org.testng.internal.TestInvoker.invokeTestMethods(TestInvoker.java:147)
at org.testng.internal.TestMethodWorker.invokeTestMethods(TestMethodWorker.java:146)
at org.testng.internal.TestMethodWorker.run(TestMethodWorker.java:128)
at java.util.ArrayList.forEach(ArrayList.java:1257)
at org.testng.TestRunner.privateRun(TestRunner.java:764)
at org.testng.TestRunner.run(TestRunner.java:585)
at org.testng.SuiteRunner.runTest(SuiteRunner.java:384)
at org.testng.SuiteRunner.runSequentially(SuiteRunner.java:378)
at org.testng.SuiteRunner.privateRun(SuiteRunner.java:337)
at org.testng.SuiteRunner.run(SuiteRunner.java:286)
at org.testng.SuiteRunnerWorker.runSuite(SuiteRunnerWorker.java:53)
at org.testng.SuiteRunnerWorker.run(SuiteRunnerWorker.java:96)
at org.testng.TestNG.runSuitesSequentially(TestNG.java:1218)
at org.testng.TestNG.runSuitesLocally(TestNG.java:1140)
at org.testng.TestNG.runSuites(TestNG.java:1069)
at org.testng.TestNG.run(TestNG.java:1037)
at org.testng.remote.AbstractRemoteTestNG.run(AbstractRemoteTestNG.java:115)
at org.testng.remote.RemoteTestNG.initAndRun(RemoteTestNG.java:251)
at org.testng.remote.RemoteTestNG.main(RemoteTestNG.java:77)
]]>
            </full-stacktrace>
          </exception> <!-- java.lang.AssertionError -->
          <reporter-output>
          </reporter-output>
        </test-method> <!-- mercuryTest -->
        <test-method status="SKIP" signature="venusTest(java.lang.String)[pri:2, instance:testNGListeners.SubBaseTest@1786dec2]" name="venusTest" duration-ms="0" started-at="2021-06-04T00:04:37 EDT" depends-on-methods="testNGListeners.SubBaseTest.mercuryTest" finished-at="2021-06-04T00:04:37 EDT">
          <exception class="java.lang.Throwable">
            <message>
              <![CDATA[Method SubBaseTest.venusTest(java.lang.String)[pri:2, instance:testNGListeners.SubBaseTest@1786dec2] depends on not successfully finished methods]]>
            </message>
            <full-stacktrace>
              <![CDATA[java.lang.Throwable: Method SubBaseTest.venusTest(java.lang.String)[pri:2, instance:testNGListeners.SubBaseTest@1786dec2] depends on not successfully finished methods
at org.testng.internal.TestInvoker.invokeTestMethods(TestInvoker.java:102)
at org.testng.internal.TestMethodWorker.invokeTestMethods(TestMethodWorker.java:146)
at org.testng.internal.TestMethodWorker.run(TestMethodWorker.java:128)
at java.util.ArrayList.forEach(ArrayList.java:1257)
at org.testng.TestRunner.privateRun(TestRunner.java:764)
at org.testng.TestRunner.run(TestRunner.java:585)
at org.testng.SuiteRunner.runTest(SuiteRunner.java:384)
at org.testng.SuiteRunner.runSequentially(SuiteRunner.java:378)
at org.testng.SuiteRunner.privateRun(SuiteRunner.java:337)
at org.testng.SuiteRunner.run(SuiteRunner.java:286)
at org.testng.SuiteRunnerWorker.runSuite(SuiteRunnerWorker.java:53)
at org.testng.SuiteRunnerWorker.run(SuiteRunnerWorker.java:96)
at org.testng.TestNG.runSuitesSequentially(TestNG.java:1218)
at org.testng.TestNG.runSuitesLocally(TestNG.java:1140)
at org.testng.TestNG.runSuites(TestNG.java:1069)
at org.testng.TestNG.run(TestNG.java:1037)
at org.testng.remote.AbstractRemoteTestNG.run(AbstractRemoteTestNG.java:115)
at org.testng.remote.RemoteTestNG.initAndRun(RemoteTestNG.java:251)
at org.testng.remote.RemoteTestNG.main(RemoteTestNG.java:77)
]]>
            </full-stacktrace>
          </exception> <!-- java.lang.Throwable -->
          <reporter-output>
          </reporter-output>
        </test-method> <!-- venusTest -->
        <test-method status="PASS" signature="marsTest(java.lang.String)[pri:4, instance:testNGListeners.SubBaseTest@1786dec2]" name="marsTest" duration-ms="1" started-at="2021-06-04T00:04:37 EDT" finished-at="2021-06-04T00:04:37 EDT">
          <params>
            <param index="0">
              <value>
                <![CDATA[the 4th planet Mars.]]>
              </value>
            </param>
          </params>
          <reporter-output>
          </reporter-output>
        </test-method> <!-- marsTest -->
        <test-method status="PASS" signature="jupiterTest(java.lang.String)[pri:5, instance:testNGListeners.SubBaseTest@1786dec2]" name="jupiterTest" duration-ms="0" started-at="2021-06-04T00:04:37 EDT" finished-at="2021-06-04T00:04:37 EDT">
          <params>
            <param index="0">
              <value>
                <![CDATA[the 5th planet Jupiter.]]>
              </value>
            </param>
          </params>
          <reporter-output>
          </reporter-output>
        </test-method> <!-- jupiterTest -->
        <test-method status="PASS" signature="saturnTest(java.lang.String)[pri:6, instance:testNGListeners.SubBaseTest@1786dec2]" name="saturnTest" duration-ms="0" started-at="2021-06-04T00:04:37 EDT" finished-at="2021-06-04T00:04:37 EDT">
          <params>
            <param index="0">
              <value>
                <![CDATA[the 6th planet Saturn.]]>
              </value>
            </param>
          </params>
          <reporter-output>
          </reporter-output>
        </test-method> <!-- saturnTest -->
        <test-method status="PASS" signature="uranusTest(java.lang.String)[pri:7, instance:testNGListeners.SubBaseTest@1786dec2]" name="uranusTest" duration-ms="0" started-at="2021-06-04T00:04:37 EDT" finished-at="2021-06-04T00:04:37 EDT">
          <params>
            <param index="0">
              <value>
                <![CDATA[the 7th planet Uranus.]]>
              </value>
            </param>
          </params>
          <reporter-output>
          </reporter-output>
        </test-method> <!-- uranusTest -->
        <test-method status="PASS" signature="neptuneTest(java.lang.String)[pri:8, instance:testNGListeners.SubBaseTest@1786dec2]" name="neptuneTest" duration-ms="1" started-at="2021-06-04T00:04:37 EDT" finished-at="2021-06-04T00:04:37 EDT">
          <params>
            <param index="0">
              <value>
                <![CDATA[the 8th planet Neptune.]]>
              </value>
            </param>
          </params>
          <reporter-output>
          </reporter-output>
        </test-method> <!-- neptuneTest -->
      </class> <!-- testNGListeners.SubBaseTest -->
      <class name="testNGListeners.BaseTest">
        <test-method status="PASS" signature="loginTest(java.lang.String)[pri:0, instance:testNGListeners.BaseTest@3b088d51]" name="loginTest" is-config="true" duration-ms="12" started-at="2021-06-04T00:04:37 EDT" finished-at="2021-06-04T00:04:37 EDT">
          <params>
            <param index="0">
              <value>
                <![CDATA[Login Test.]]>
              </value>
            </param>
          </params>
          <reporter-output>
          </reporter-output>
        </test-method> <!-- loginTest -->
        <test-method status="PASS" signature="logoutTest(java.lang.String)[pri:0, instance:testNGListeners.BaseTest@3b088d51]" name="logoutTest" is-config="true" duration-ms="1" started-at="2021-06-04T00:04:37 EDT" finished-at="2021-06-04T00:04:37 EDT">
          <params>
            <param index="0">
              <value>
                <![CDATA[Logout Test.]]>
              </value>
            </param>
          </params>
          <reporter-output>
          </reporter-output>
        </test-method> <!-- logoutTest -->
      </class> <!-- testNGListeners.BaseTest -->
    </test> <!-- Groups Test -->
  </suite> <!-- Groups Suite -->
</testng-results>
