<?xml version="1.0" encoding="UTF-8"?>
<!-- Generated by org.testng.reporters.JUnitXMLReporter -->
<testsuite hostname="SAJIDs-MBP.fios-router.home" ignored="3" name="Groups Test" tests="7" failures="1" timestamp="2021-06-04T00:04:37 EDT" time="0.063" errors="0">
  <testcase name="mercuryTest" time="0.007" classname="testNGListeners.SubBaseTest">
    <failure type="java.lang.AssertionError" message="expected [33] but found [22]">
      <![CDATA[java.lang.AssertionError: expected [33] but found [22]
at testNGListeners.SubBaseTest.mercuryTest(SubBaseTest.java:14)
at java.util.ArrayList.forEach(ArrayList.java:1257)
... Removed 33 stack frames]]>
    </failure>
  </testcase> <!-- mercuryTest -->
  <testcase name="venusTest" time="0.0" classname="testNGListeners.SubBaseTest">
    <skipped/>
  </testcase> <!-- venusTest -->
  <testcase name="marsTest" time="0.001" classname="testNGListeners.SubBaseTest"/>
  <testcase name="jupiterTest" time="0.0" classname="testNGListeners.SubBaseTest"/>
  <testcase name="saturnTest" time="0.0" classname="testNGListeners.SubBaseTest"/>
  <testcase name="uranusTest" time="0.0" classname="testNGListeners.SubBaseTest"/>
  <testcase name="neptuneTest" time="0.001" classname="testNGListeners.SubBaseTest"/>
  <testcase name="earthTest" time="0.0" classname="testNGListeners.SubBaseTest">
    <ignored/>
  </testcase> <!-- earthTest -->
  <testcase name="@BeforeTest loginTest" time="0.0" classname="testNGListeners.BaseTest">
    <ignored/>
  </testcase> <!-- @BeforeTest loginTest -->
  <testcase name="@AfterTest logoutTest" time="0.0" classname="testNGListeners.BaseTest">
    <ignored/>
  </testcase> <!-- @AfterTest logoutTest -->
</testsuite> <!-- Groups Test -->
