<?xml version="1.0" encoding="UTF-8"?>
<!-- Generated by org.testng.reporters.JUnitXMLReporter -->
<testsuite hostname="SAJIDs-MBP.fios-router.home" ignored="2" name="Listeners" tests="8" failures="1" timestamp="2021-06-02T02:50:31 EDT" time="0.062" errors="0">
  <testcase name="mercury" time="0.006" classname="testNGListeners.SubBaseTest">
    <failure type="java.lang.AssertionError" message="expected [33] but found [22]">
      <![CDATA[java.lang.AssertionError: expected [33] but found [22]
at testNGListeners.SubBaseTest.mercury(SubBaseTest.java:13)
at java.util.ArrayList.forEach(ArrayList.java:1257)
... Removed 33 stack frames]]>
    </failure>
  </testcase> <!-- mercury -->
  <testcase name="venus" time="0.001" classname="testNGListeners.SubBaseTest"/>
  <testcase name="earth" time="0.001" classname="testNGListeners.SubBaseTest"/>
  <testcase name="mars" time="0.001" classname="testNGListeners.SubBaseTest"/>
  <testcase name="jupiter" time="0.0" classname="testNGListeners.SubBaseTest"/>
  <testcase name="saturn" time="0.0" classname="testNGListeners.SubBaseTest"/>
  <testcase name="uranus" time="0.001" classname="testNGListeners.SubBaseTest"/>
  <testcase name="neptune" time="0.001" classname="testNGListeners.SubBaseTest"/>
  <testcase name="@BeforeTest login" time="0.0" classname="testNGListeners.BaseTest">
    <ignored/>
  </testcase> <!-- @BeforeTest login -->
  <testcase name="@AfterTest logout" time="0.0" classname="testNGListeners.BaseTest">
    <ignored/>
  </testcase> <!-- @AfterTest logout -->
</testsuite> <!-- Listeners -->
