<?xml version="1.0" encoding="UTF-8"?>
<!-- Generated by org.testng.reporters.JUnitXMLReporter -->
<testsuite hostname="SAJIDs-MBP.fios-router.home" ignored="2" name="Listeners Test" tests="8" failures="8" timestamp="2021-06-03T23:26:08 EDT" time="0.046" errors="0">
  <testcase name="@BeforeTest login" time="-1.622777168156E9" classname="testNGListeners.BaseTest">
    <failure type="org.testng.TestNGException" message="
Can inject only one of &amp;lt;ITestContext, XmlTest&amp;gt; into a @BeforeTest annotated login.
For more information on native dependency injection please refer to https://testng.org/doc/documentation-main.html#native-dependency-injection">
      <![CDATA[org.testng.TestNGException: 
Can inject only one of <ITestContext, XmlTest> into a @BeforeTest annotated login.
For more information on native dependency injection please refer to https://testng.org/doc/documentation-main.html#native-dependency-injection
... Removed 21 stack frames]]>
    </failure>
  </testcase> <!-- @BeforeTest login -->
  <testcase name="@AfterTest logout" time="-1.622777168196E9" classname="testNGListeners.BaseTest">
    <skipped/>
  </testcase> <!-- @AfterTest logout -->
  <testcase name="mercuryTest" time="0.0" classname="testNGListeners.SubBaseTest">
    <failure type="org.testng.TestNGException" message="
Parameter &amp;apos;Mercury&amp;apos; is required by @Test on method mercuryTest but has not been marked @Optional or defined
in /Users/nyla/eclipse-workspace/TestNGListeners.Inheritance.MethodOverloading/listeners.xml">
      <![CDATA[org.testng.TestNGException: 
Parameter 'Mercury' is required by @Test on method mercuryTest but has not been marked @Optional or defined
in /Users/nyla/eclipse-workspace/TestNGListeners.Inheritance.MethodOverloading/listeners.xml
at java.util.ArrayList.forEach(ArrayList.java:1257)
... Removed 26 stack frames]]>
    </failure>
  </testcase> <!-- mercuryTest -->
  <testcase name="venusTest" time="0.0" classname="testNGListeners.SubBaseTest">
    <failure type="org.testng.TestNGException" message="
Parameter &amp;apos;Venus&amp;apos; is required by @Test on method venusTest but has not been marked @Optional or defined
in /Users/nyla/eclipse-workspace/TestNGListeners.Inheritance.MethodOverloading/listeners.xml">
      <![CDATA[org.testng.TestNGException: 
Parameter 'Venus' is required by @Test on method venusTest but has not been marked @Optional or defined
in /Users/nyla/eclipse-workspace/TestNGListeners.Inheritance.MethodOverloading/listeners.xml
at java.util.ArrayList.forEach(ArrayList.java:1257)
... Removed 26 stack frames]]>
    </failure>
  </testcase> <!-- venusTest -->
  <testcase name="earthTest" time="0.0" classname="testNGListeners.SubBaseTest">
    <failure type="org.testng.TestNGException" message="
Parameter &amp;apos;Earth&amp;apos; is required by @Test on method earthTest but has not been marked @Optional or defined
in /Users/nyla/eclipse-workspace/TestNGListeners.Inheritance.MethodOverloading/listeners.xml">
      <![CDATA[org.testng.TestNGException: 
Parameter 'Earth' is required by @Test on method earthTest but has not been marked @Optional or defined
in /Users/nyla/eclipse-workspace/TestNGListeners.Inheritance.MethodOverloading/listeners.xml
at java.util.ArrayList.forEach(ArrayList.java:1257)
... Removed 26 stack frames]]>
    </failure>
  </testcase> <!-- earthTest -->
  <testcase name="marsTest" time="0.0" classname="testNGListeners.SubBaseTest">
    <failure type="org.testng.TestNGException" message="
Parameter &amp;apos;Mars&amp;apos; is required by @Test on method marsTest but has not been marked @Optional or defined
in /Users/nyla/eclipse-workspace/TestNGListeners.Inheritance.MethodOverloading/listeners.xml">
      <![CDATA[org.testng.TestNGException: 
Parameter 'Mars' is required by @Test on method marsTest but has not been marked @Optional or defined
in /Users/nyla/eclipse-workspace/TestNGListeners.Inheritance.MethodOverloading/listeners.xml
at java.util.ArrayList.forEach(ArrayList.java:1257)
... Removed 26 stack frames]]>
    </failure>
  </testcase> <!-- marsTest -->
  <testcase name="jupiterTest" time="0.0" classname="testNGListeners.SubBaseTest">
    <failure type="org.testng.TestNGException" message="
Parameter &amp;apos;Jupiter&amp;apos; is required by @Test on method jupiterTest but has not been marked @Optional or defined
in /Users/nyla/eclipse-workspace/TestNGListeners.Inheritance.MethodOverloading/listeners.xml">
      <![CDATA[org.testng.TestNGException: 
Parameter 'Jupiter' is required by @Test on method jupiterTest but has not been marked @Optional or defined
in /Users/nyla/eclipse-workspace/TestNGListeners.Inheritance.MethodOverloading/listeners.xml
at java.util.ArrayList.forEach(ArrayList.java:1257)
... Removed 26 stack frames]]>
    </failure>
  </testcase> <!-- jupiterTest -->
  <testcase name="saturnTest" time="0.0" classname="testNGListeners.SubBaseTest">
    <failure type="org.testng.TestNGException" message="
Parameter &amp;apos;Saturn&amp;apos; is required by @Test on method saturnTest but has not been marked @Optional or defined
in /Users/nyla/eclipse-workspace/TestNGListeners.Inheritance.MethodOverloading/listeners.xml">
      <![CDATA[org.testng.TestNGException: 
Parameter 'Saturn' is required by @Test on method saturnTest but has not been marked @Optional or defined
in /Users/nyla/eclipse-workspace/TestNGListeners.Inheritance.MethodOverloading/listeners.xml
at java.util.ArrayList.forEach(ArrayList.java:1257)
... Removed 26 stack frames]]>
    </failure>
  </testcase> <!-- saturnTest -->
  <testcase name="uranusTest" time="0.0" classname="testNGListeners.SubBaseTest">
    <failure type="org.testng.TestNGException" message="
Parameter &amp;apos;Uranus&amp;apos; is required by @Test on method uranusTest but has not been marked @Optional or defined
in /Users/nyla/eclipse-workspace/TestNGListeners.Inheritance.MethodOverloading/listeners.xml">
      <![CDATA[org.testng.TestNGException: 
Parameter 'Uranus' is required by @Test on method uranusTest but has not been marked @Optional or defined
in /Users/nyla/eclipse-workspace/TestNGListeners.Inheritance.MethodOverloading/listeners.xml
at java.util.ArrayList.forEach(ArrayList.java:1257)
... Removed 26 stack frames]]>
    </failure>
  </testcase> <!-- uranusTest -->
  <testcase name="neptuneTest" time="0.0" classname="testNGListeners.SubBaseTest">
    <failure type="org.testng.TestNGException" message="
Parameter &amp;apos;Neptune&amp;apos; is required by @Test on method neptuneTest but has not been marked @Optional or defined
in /Users/nyla/eclipse-workspace/TestNGListeners.Inheritance.MethodOverloading/listeners.xml">
      <![CDATA[org.testng.TestNGException: 
Parameter 'Neptune' is required by @Test on method neptuneTest but has not been marked @Optional or defined
in /Users/nyla/eclipse-workspace/TestNGListeners.Inheritance.MethodOverloading/listeners.xml
at java.util.ArrayList.forEach(ArrayList.java:1257)
... Removed 26 stack frames]]>
    </failure>
  </testcase> <!-- neptuneTest -->
  <testcase name="@BeforeTest login" time="0.0" classname="testNGListeners.BaseTest">
    <ignored/>
  </testcase> <!-- @BeforeTest login -->
  <testcase name="@AfterTest logout" time="0.0" classname="testNGListeners.BaseTest">
    <ignored/>
  </testcase> <!-- @AfterTest logout -->
</testsuite> <!-- Listeners Test -->
